This file contains any messages produced by compilers while
running configure, to aid debugging if configure makes a mistake.

It was created by pixman configure 0.22.2, which was
generated by GNU Autoconf 2.63.  Invocation command line was

  $ ./configure --prefix=/proj/PDF4Ax/pixman/dist --disable-openmp

## --------- ##
## Platform. ##
## --------- ##

hostname = p45
uname -m = i686
uname -r = 1.0.11(0.46/3/2)
uname -s = MINGW32_NT-6.1
uname -v = 2009-07-11 17:46

/usr/bin/uname -p = unknown
/bin/uname -X     = unknown

/bin/arch              = unknown
/usr/bin/arch -k       = unknown
/usr/convex/getsysinfo = unknown
/usr/bin/hostinfo      = unknown
/bin/machine           = unknown
/usr/bin/oslevel       = unknown
/bin/universe          = unknown

PATH: .
PATH: /usr/local/bin
PATH: /mingw/bin
PATH: /bin
PATH: /c/Program Files (x86)/NVIDIA Corporation/PhysX/Common
PATH: /c/Program Files/Common Files/Microsoft Shared/Windows Live
PATH: /c/Program Files (x86)/Common Files/Microsoft Shared/Windows Live
PATH: /c/Windows/system32
PATH: /c/Windows
PATH: /c/Windows/System32/Wbem
PATH: /c/Windows/System32/WindowsPowerShell/v1.0/
PATH: /c/Program Files/TortoiseSVN/bin
PATH: /c/Program Files/SlikSvn/bin/
PATH: /h/Program Files (x86)/NVIDIA Corporation/Cg/bin
PATH: /h/Program Files (x86)/NVIDIA Corporation/Cg/bin.x64
PATH: /c/Program Files (x86)/Windows Live/Shared
PATH: /c/Program Files (x86)/QuickTime/QTSystem/


## ----------- ##
## Core tests. ##
## ----------- ##

configure:2164: checking for a BSD-compatible install
configure:2232: result: /bin/install -c
configure:2243: checking whether build environment is sane
configure:2303: result: yes
configure:2444: checking for a thread-safe mkdir -p
configure:2483: result: /bin/mkdir -p
configure:2496: checking for gawk
configure:2512: found /bin/gawk
configure:2523: result: gawk
configure:2534: checking whether make sets $(MAKE)
configure:2556: result: yes
configure:2662: checking build system type
configure:2680: result: i686-pc-mingw32
configure:2702: checking host system type
configure:2717: result: i686-pc-mingw32
configure:2790: checking for gcc
configure:2806: found /mingw/bin/gcc
configure:2817: result: gcc
configure:3049: checking for C compiler version
configure:3057: gcc --version >&5
gcc.exe (GCC) 4.5.2
Copyright (C) 2010 Free Software Foundation, Inc.
This is free software; see the source for copying conditions.  There is NO
warranty; not even for MERCHANTABILITY or FITNESS FOR A PARTICULAR PURPOSE.

configure:3061: $? = 0
configure:3068: gcc -v >&5
Using built-in specs.
COLLECT_GCC=H:\MinGW\bin\gcc.exe
COLLECT_LTO_WRAPPER=h:/mingw/bin/../libexec/gcc/mingw32/4.5.2/lto-wrapper.exe
Target: mingw32
Configured with: ../gcc-4.5.2/configure --enable-languages=c,c++,ada,fortran,objc,obj-c++ --disable-sjlj-exceptions --with-dwarf2 --enable-shared --enable-libgomp --disable-win32-registry --enable-libstdcxx-debug --enable-version-specific-runtime-libs --disable-werror --build=mingw32 --prefix=/mingw
Thread model: win32
gcc version 4.5.2 (GCC) 
configure:3072: $? = 0
configure:3079: gcc -V >&5
gcc.exe: '-V' option must have argument
configure:3083: $? = 1
configure:3106: checking for C compiler default output file name
configure:3128: gcc    conftest.c  >&5
configure:3132: $? = 0
configure:3170: result: a.exe
configure:3189: checking whether the C compiler works
configure:3199: ./a.exe
configure:3203: $? = 0
configure:3222: result: yes
configure:3229: checking whether we are cross compiling
configure:3231: result: no
configure:3234: checking for suffix of executables
configure:3241: gcc -o conftest.exe    conftest.c  >&5
configure:3245: $? = 0
configure:3271: result: .exe
configure:3277: checking for suffix of object files
configure:3303: gcc -c   conftest.c >&5
configure:3307: $? = 0
configure:3332: result: o
configure:3336: checking whether we are using the GNU C compiler
configure:3365: gcc -c   conftest.c >&5
configure:3372: $? = 0
configure:3389: result: yes
configure:3398: checking whether gcc accepts -g
configure:3428: gcc -c -g  conftest.c >&5
configure:3435: $? = 0
configure:3536: result: yes
configure:3553: checking for gcc option to accept ISO C89
configure:3627: gcc  -c -g -O2  conftest.c >&5
configure:3634: $? = 0
configure:3657: result: none needed
configure:3686: checking for style of include used by make
configure:3714: result: GNU
configure:3739: checking dependency style of gcc
configure:3849: result: gcc3
configure:3873: checking dependency style of gcc
configure:3981: result: gcc3
configure:4068: checking for a sed that does not truncate output
configure:4124: result: /bin/sed
configure:4127: checking for grep that handles long lines and -e
configure:4187: result: /bin/grep
configure:4192: checking for egrep
configure:4256: result: /bin/grep -E
configure:4272: checking for ld used by gcc
configure:4339: result: h:/mingw/mingw32/bin/ld.exe
configure:4348: checking if the linker (h:/mingw/mingw32/bin/ld.exe) is GNU ld
configure:4363: result: yes
configure:4368: checking for h:/mingw/mingw32/bin/ld.exe option to reload object files
configure:4375: result: -r
configure:4393: checking for BSD-compatible nm
configure:4442: result: /mingw/bin/nm
configure:4446: checking whether ln -s works
configure:4450: result: yes
configure:4457: checking how to recognize dependent libraries
configure:4643: result: file_magic ^x86 archive import|^x86 DLL
configure:4893: checking how to run the C preprocessor
configure:4933: gcc -E  conftest.c
configure:4940: $? = 0
configure:4971: gcc -E  conftest.c
conftest.c:10:28: fatal error: ac_nonexistent.h: No such file or directory
compilation terminated.
configure:4978: $? = 1
configure: failed program was:
| /* confdefs.h.  */
| #define PACKAGE_NAME "pixman"
| #define PACKAGE_TARNAME "pixman"
| #define PACKAGE_VERSION "0.22.2"
| #define PACKAGE_STRING "pixman 0.22.2"
| #define PACKAGE_BUGREPORT "pixman@lists.freedesktop.org"
| #define PACKAGE "pixman"
| #define VERSION "0.22.2"
| /* end confdefs.h.  */
| #include <ac_nonexistent.h>
configure:5011: result: gcc -E
configure:5040: gcc -E  conftest.c
configure:5047: $? = 0
configure:5078: gcc -E  conftest.c
conftest.c:10:28: fatal error: ac_nonexistent.h: No such file or directory
compilation terminated.
configure:5085: $? = 1
configure: failed program was:
| /* confdefs.h.  */
| #define PACKAGE_NAME "pixman"
| #define PACKAGE_TARNAME "pixman"
| #define PACKAGE_VERSION "0.22.2"
| #define PACKAGE_STRING "pixman 0.22.2"
| #define PACKAGE_BUGREPORT "pixman@lists.freedesktop.org"
| #define PACKAGE "pixman"
| #define VERSION "0.22.2"
| /* end confdefs.h.  */
| #include <ac_nonexistent.h>
configure:5125: checking for ANSI C header files
configure:5155: gcc -c -g -O2  conftest.c >&5
configure:5162: $? = 0
configure:5261: gcc -o conftest.exe -g -O2   conftest.c  >&5
configure:5265: $? = 0
configure:5271: ./conftest.exe
configure:5275: $? = 0
configure:5293: result: yes
configure:5317: checking for sys/types.h
configure:5338: gcc -c -g -O2  conftest.c >&5
configure:5345: $? = 0
configure:5362: result: yes
configure:5317: checking for sys/stat.h
configure:5338: gcc -c -g -O2  conftest.c >&5
configure:5345: $? = 0
configure:5362: result: yes
configure:5317: checking for stdlib.h
configure:5338: gcc -c -g -O2  conftest.c >&5
configure:5345: $? = 0
configure:5362: result: yes
configure:5317: checking for string.h
configure:5338: gcc -c -g -O2  conftest.c >&5
configure:5345: $? = 0
configure:5362: result: yes
configure:5317: checking for memory.h
configure:5338: gcc -c -g -O2  conftest.c >&5
configure:5345: $? = 0
configure:5362: result: yes
configure:5317: checking for strings.h
configure:5338: gcc -c -g -O2  conftest.c >&5
configure:5345: $? = 0
configure:5362: result: yes
configure:5317: checking for inttypes.h
configure:5338: gcc -c -g -O2  conftest.c >&5
configure:5345: $? = 0
configure:5362: result: yes
configure:5317: checking for stdint.h
configure:5338: gcc -c -g -O2  conftest.c >&5
configure:5345: $? = 0
configure:5362: result: yes
configure:5317: checking for unistd.h
configure:5338: gcc -c -g -O2  conftest.c >&5
configure:5345: $? = 0
configure:5362: result: yes
configure:5392: checking dlfcn.h usability
configure:5409: gcc -c -g -O2  conftest.c >&5
conftest.c:53:19: fatal error: dlfcn.h: No such file or directory
compilation terminated.
configure:5416: $? = 1
configure: failed program was:
| /* confdefs.h.  */
| #define PACKAGE_NAME "pixman"
| #define PACKAGE_TARNAME "pixman"
| #define PACKAGE_VERSION "0.22.2"
| #define PACKAGE_STRING "pixman 0.22.2"
| #define PACKAGE_BUGREPORT "pixman@lists.freedesktop.org"
| #define PACKAGE "pixman"
| #define VERSION "0.22.2"
| #define STDC_HEADERS 1
| #define HAVE_SYS_TYPES_H 1
| #define HAVE_SYS_STAT_H 1
| #define HAVE_STDLIB_H 1
| #define HAVE_STRING_H 1
| #define HAVE_MEMORY_H 1
| #define HAVE_STRINGS_H 1
| #define HAVE_INTTYPES_H 1
| #define HAVE_STDINT_H 1
| #define HAVE_UNISTD_H 1
| /* end confdefs.h.  */
| #include <stdio.h>
| #ifdef HAVE_SYS_TYPES_H
| # include <sys/types.h>
| #endif
| #ifdef HAVE_SYS_STAT_H
| # include <sys/stat.h>
| #endif
| #ifdef STDC_HEADERS
| # include <stdlib.h>
| # include <stddef.h>
| #else
| # ifdef HAVE_STDLIB_H
| #  include <stdlib.h>
| # endif
| #endif
| #ifdef HAVE_STRING_H
| # if !defined STDC_HEADERS && defined HAVE_MEMORY_H
| #  include <memory.h>
| # endif
| # include <string.h>
| #endif
| #ifdef HAVE_STRINGS_H
| # include <strings.h>
| #endif
| #ifdef HAVE_INTTYPES_H
| # include <inttypes.h>
| #endif
| #ifdef HAVE_STDINT_H
| # include <stdint.h>
| #endif
| #ifdef HAVE_UNISTD_H
| # include <unistd.h>
| #endif
| #include <dlfcn.h>
configure:5430: result: no
configure:5434: checking dlfcn.h presence
configure:5449: gcc -E  conftest.c
conftest.c:20:19: fatal error: dlfcn.h: No such file or directory
compilation terminated.
configure:5456: $? = 1
configure: failed program was:
| /* confdefs.h.  */
| #define PACKAGE_NAME "pixman"
| #define PACKAGE_TARNAME "pixman"
| #define PACKAGE_VERSION "0.22.2"
| #define PACKAGE_STRING "pixman 0.22.2"
| #define PACKAGE_BUGREPORT "pixman@lists.freedesktop.org"
| #define PACKAGE "pixman"
| #define VERSION "0.22.2"
| #define STDC_HEADERS 1
| #define HAVE_SYS_TYPES_H 1
| #define HAVE_SYS_STAT_H 1
| #define HAVE_STDLIB_H 1
| #define HAVE_STRING_H 1
| #define HAVE_MEMORY_H 1
| #define HAVE_STRINGS_H 1
| #define HAVE_INTTYPES_H 1
| #define HAVE_STDINT_H 1
| #define HAVE_UNISTD_H 1
| /* end confdefs.h.  */
| #include <dlfcn.h>
configure:5470: result: no
configure:5503: checking for dlfcn.h
configure:5512: result: no
configure:5585: checking for g++
configure:5601: found /mingw/bin/g++
configure:5612: result: g++
configure:5639: checking for C++ compiler version
configure:5647: g++ --version >&5
g++.exe (GCC) 4.5.2
Copyright (C) 2010 Free Software Foundation, Inc.
This is free software; see the source for copying conditions.  There is NO
warranty; not even for MERCHANTABILITY or FITNESS FOR A PARTICULAR PURPOSE.

configure:5651: $? = 0
configure:5658: g++ -v >&5
Using built-in specs.
COLLECT_GCC=H:\MinGW\bin\g++.exe
COLLECT_LTO_WRAPPER=h:/mingw/bin/../libexec/gcc/mingw32/4.5.2/lto-wrapper.exe
Target: mingw32
Configured with: ../gcc-4.5.2/configure --enable-languages=c,c++,ada,fortran,objc,obj-c++ --disable-sjlj-exceptions --with-dwarf2 --enable-shared --enable-libgomp --disable-win32-registry --enable-libstdcxx-debug --enable-version-specific-runtime-libs --disable-werror --build=mingw32 --prefix=/mingw
Thread model: win32
gcc version 4.5.2 (GCC) 
configure:5662: $? = 0
configure:5669: g++ -V >&5
g++.exe: '-V' option must have argument
configure:5673: $? = 1
configure:5676: checking whether we are using the GNU C++ compiler
configure:5705: g++ -c   conftest.cpp >&5
configure:5712: $? = 0
configure:5729: result: yes
configure:5738: checking whether g++ accepts -g
configure:5768: g++ -c -g  conftest.cpp >&5
configure:5775: $? = 0
configure:5876: result: yes
configure:5901: checking dependency style of g++
configure:6011: result: gcc3
configure:6036: checking how to run the C++ preprocessor
configure:6072: g++ -E  conftest.cpp
configure:6079: $? = 0
configure:6110: g++ -E  conftest.cpp
conftest.cpp:20:28: fatal error: ac_nonexistent.h: No such file or directory
compilation terminated.
configure:6117: $? = 1
configure: failed program was:
| /* confdefs.h.  */
| #define PACKAGE_NAME "pixman"
| #define PACKAGE_TARNAME "pixman"
| #define PACKAGE_VERSION "0.22.2"
| #define PACKAGE_STRING "pixman 0.22.2"
| #define PACKAGE_BUGREPORT "pixman@lists.freedesktop.org"
| #define PACKAGE "pixman"
| #define VERSION "0.22.2"
| #define STDC_HEADERS 1
| #define HAVE_SYS_TYPES_H 1
| #define HAVE_SYS_STAT_H 1
| #define HAVE_STDLIB_H 1
| #define HAVE_STRING_H 1
| #define HAVE_MEMORY_H 1
| #define HAVE_STRINGS_H 1
| #define HAVE_INTTYPES_H 1
| #define HAVE_STDINT_H 1
| #define HAVE_UNISTD_H 1
| /* end confdefs.h.  */
| #include <ac_nonexistent.h>
configure:6150: result: g++ -E
configure:6179: g++ -E  conftest.cpp
configure:6186: $? = 0
configure:6217: g++ -E  conftest.cpp
conftest.cpp:20:28: fatal error: ac_nonexistent.h: No such file or directory
compilation terminated.
configure:6224: $? = 1
configure: failed program was:
| /* confdefs.h.  */
| #define PACKAGE_NAME "pixman"
| #define PACKAGE_TARNAME "pixman"
| #define PACKAGE_VERSION "0.22.2"
| #define PACKAGE_STRING "pixman 0.22.2"
| #define PACKAGE_BUGREPORT "pixman@lists.freedesktop.org"
| #define PACKAGE "pixman"
| #define VERSION "0.22.2"
| #define STDC_HEADERS 1
| #define HAVE_SYS_TYPES_H 1
| #define HAVE_SYS_STAT_H 1
| #define HAVE_STDLIB_H 1
| #define HAVE_STRING_H 1
| #define HAVE_MEMORY_H 1
| #define HAVE_STRINGS_H 1
| #define HAVE_INTTYPES_H 1
| #define HAVE_STDINT_H 1
| #define HAVE_UNISTD_H 1
| /* end confdefs.h.  */
| #include <ac_nonexistent.h>
configure:6319: checking for g77
configure:6349: result: no
configure:6319: checking for xlf
configure:6349: result: no
configure:6319: checking for f77
configure:6349: result: no
configure:6319: checking for frt
configure:6349: result: no
configure:6319: checking for pgf77
configure:6349: result: no
configure:6319: checking for cf77
configure:6349: result: no
configure:6319: checking for fort77
configure:6349: result: no
configure:6319: checking for fl32
configure:6349: result: no
configure:6319: checking for af77
configure:6349: result: no
configure:6319: checking for xlf90
configure:6349: result: no
configure:6319: checking for f90
configure:6349: result: no
configure:6319: checking for pgf90
configure:6349: result: no
configure:6319: checking for pghpf
configure:6349: result: no
configure:6319: checking for epcf90
configure:6349: result: no
configure:6319: checking for gfortran
configure:6349: result: no
configure:6319: checking for g95
configure:6349: result: no
configure:6319: checking for xlf95
configure:6349: result: no
configure:6319: checking for f95
configure:6349: result: no
configure:6319: checking for fort
configure:6349: result: no
configure:6319: checking for ifort
configure:6349: result: no
configure:6319: checking for ifc
configure:6349: result: no
configure:6319: checking for efc
configure:6349: result: no
configure:6319: checking for pgf95
configure:6349: result: no
configure:6319: checking for lf95
configure:6349: result: no
configure:6319: checking for ftn
configure:6349: result: no
configure:6372: checking for Fortran 77 compiler version
configure:6380:  --version >&5
./configure: line 6382: --version: command not found
configure:6384: $? = 127
configure:6391:  -v >&5
./configure: line 6393: -v: command not found
configure:6395: $? = 127
configure:6402:  -V >&5
./configure: line 6404: -V: command not found
configure:6406: $? = 127
configure:6414: checking whether we are using the GNU Fortran 77 compiler
configure:6433:  -c  conftest.F >&5
./configure: line 6435: -c: command not found
configure:6440: $? = 127
configure: failed program was:
|       program main
| #ifndef __GNUC__
|        choke me
| #endif
| 
|       end
configure:6457: result: no
configure:6463: checking whether  accepts -g
configure:6480:  -c -g conftest.f >&5
./configure: line 6482: -c: command not found
configure:6487: $? = 127
configure: failed program was:
|       program main
| 
|       end
configure:6503: result: no
configure:6536: checking the maximum length of command line arguments
configure:6648: result: 8192
configure:6660: checking command to parse /mingw/bin/nm output from gcc object
configure:6765: gcc -c -g -O2  conftest.c >&5
configure:6768: $? = 0
configure:6772: /mingw/bin/nm conftest.o \| sed -n -e 's/^.*[ 	]\([ABCDGIRSTW][ABCDGIRSTW]*\)[ 	][ 	]*\([_A-Za-z][_A-Za-z0-9]*\)\{0,1\}$/\1 \2 \2/p' \> conftest.nm
configure:6775: $? = 0
cannot find nm_test_var in conftest.nm
configure:6765: gcc -c -g -O2  conftest.c >&5
configure:6768: $? = 0
configure:6772: /mingw/bin/nm conftest.o \| sed -n -e 's/^.*[ 	]\([ABCDGIRSTW][ABCDGIRSTW]*\)[ 	][ 	]*_\([_A-Za-z][_A-Za-z0-9]*\)\{0,1\}$/\1 _\2 \2/p' \> conftest.nm
configure:6775: $? = 0
configure:6827: gcc -o conftest.exe -g -O2   conftest.c conftstm.o >&5
configure:6830: $? = 0
configure:6868: result: ok
configure:6872: checking for objdir
configure:6887: result: .libs
configure:6979: checking for ar
configure:6995: found /mingw/bin/ar
configure:7006: result: ar
configure:7071: checking for ranlib
configure:7087: found /mingw/bin/ranlib
configure:7098: result: ranlib
configure:7163: checking for strip
configure:7179: found /mingw/bin/strip
configure:7190: result: strip
configure:7780: checking if gcc supports -fno-rtti -fno-exceptions
configure:7798: gcc -c -g -O2  -fno-rtti -fno-exceptions conftest.c >&5
cc1.exe: warning: command line option "-fno-rtti" is valid for C++/ObjC++ but not for C
configure:7802: $? = 0
configure:7815: result: no
configure:7830: checking for gcc option to produce PIC
configure:8062: result: -DDLL_EXPORT
configure:8070: checking if gcc PIC flag -DDLL_EXPORT works
configure:8088: gcc -c -g -O2  -DDLL_EXPORT -DPIC conftest.c >&5
configure:8092: $? = 0
configure:8105: result: yes
configure:8133: checking if gcc static flag -static works
configure:8161: result: yes
configure:8171: checking if gcc supports -c -o file.o
configure:8192: gcc -c -g -O2  -o out/conftest2.o conftest.c >&5
configure:8196: $? = 0
configure:8218: result: yes
configure:8244: checking whether the gcc linker (h:/mingw/mingw32/bin/ld.exe) supports shared libraries
configure:9232: result: yes
configure:9253: checking whether -lc should be explicitly linked in
configure:9258: gcc -c -g -O2  conftest.c >&5
configure:9261: $? = 0
configure:9276: gcc -shared conftest.o  -v -o ./conftest -Wl,--enable-auto-image-base -Xlinker --out-implib -Xlinker conftest 2\>\&1 \| grep  -lc  \>/dev/null 2\>\&1
configure:9279: $? = 1
configure:9291: result: yes
configure:9299: checking dynamic linker characteristics
configure:9903: result: Win32 ld.exe
configure:9927: checking how to hardcode library paths into programs
configure:9952: result: immediate
configure:9966: checking whether stripping libraries is possible
configure:9971: result: yes
configure:10801: checking if libtool supports shared libraries
configure:10803: result: yes
configure:10806: checking whether to build shared libraries
configure:10827: result: yes
configure:10830: checking whether to build static libraries
configure:10834: result: yes
configure:10928: creating libtool
configure:11521: checking for ld used by g++
configure:11588: result: h:/mingw/mingw32/bin/ld.exe
configure:11597: checking if the linker (h:/mingw/mingw32/bin/ld.exe) is GNU ld
configure:11612: result: yes
configure:11663: checking whether the g++ linker (h:/mingw/mingw32/bin/ld.exe) supports shared libraries
configure:12617: result: yes
configure:12634: g++ -c -g -O2  conftest.cpp >&5
configure:12637: $? = 0
configure:12793: checking for g++ option to produce PIC
configure:13077: result: -DDLL_EXPORT
configure:13085: checking if g++ PIC flag -DDLL_EXPORT works
configure:13103: g++ -c -g -O2  -DDLL_EXPORT -DPIC conftest.cpp >&5
configure:13107: $? = 0
configure:13120: result: yes
configure:13148: checking if g++ static flag -static works
configure:13176: result: yes
configure:13186: checking if g++ supports -c -o file.o
configure:13207: g++ -c -g -O2  -o out/conftest2.o conftest.cpp >&5
configure:13211: $? = 0
configure:13233: result: yes
configure:13259: checking whether the g++ linker (h:/mingw/mingw32/bin/ld.exe) supports shared libraries
configure:13285: result: yes
configure:13352: checking dynamic linker characteristics
configure:13904: result: Win32 ld.exe
configure:13928: checking how to hardcode library paths into programs
configure:13953: result: immediate
configure:20198: checking for getisax
configure:20254: gcc -o conftest.exe -g -O2   conftest.c  >&5
C:\Users\Sola\AppData\Local\Temp\cccbRcUc.o: In function `main':
H:\Proj\PDF4Ax\pixman/conftest.c:54: undefined reference to `getisax'
collect2: ld returned 1 exit status
configure:20261: $? = 1
configure: failed program was:
| /* confdefs.h.  */
| #define PACKAGE_NAME "pixman"
| #define PACKAGE_TARNAME "pixman"
| #define PACKAGE_VERSION "0.22.2"
| #define PACKAGE_STRING "pixman 0.22.2"
| #define PACKAGE_BUGREPORT "pixman@lists.freedesktop.org"
| #define PACKAGE "pixman"
| #define VERSION "0.22.2"
| #define STDC_HEADERS 1
| #define HAVE_SYS_TYPES_H 1
| #define HAVE_SYS_STAT_H 1
| #define HAVE_STDLIB_H 1
| #define HAVE_STRING_H 1
| #define HAVE_MEMORY_H 1
| #define HAVE_STRINGS_H 1
| #define HAVE_INTTYPES_H 1
| #define HAVE_STDINT_H 1
| #define HAVE_UNISTD_H 1
| /* end confdefs.h.  */
| /* Define getisax to an innocuous variant, in case <limits.h> declares getisax.
|    For example, HP-UX 11i <limits.h> declares gettimeofday.  */
| #define getisax innocuous_getisax
| 
| /* System header to define __stub macros and hopefully few prototypes,
|     which can conflict with char getisax (); below.
|     Prefer <limits.h> to <assert.h> if __STDC__ is defined, since
|     <limits.h> exists even on freestanding compilers.  */
| 
| #ifdef __STDC__
| # include <limits.h>
| #else
| # include <assert.h>
| #endif
| 
| #undef getisax
| 
| /* Override any GCC internal prototype to avoid an error.
|    Use char because int might match the return type of a GCC
|    builtin and then its argument prototype would still apply.  */
| #ifdef __cplusplus
| extern "C"
| #endif
| char getisax ();
| /* The GNU C library defines this for functions which it implements
|     to always fail with ENOSYS.  Some functions are actually named
|     something starting with __ and the normal name is an alias.  */
| #if defined __stub_getisax || defined __stub___getisax
| choke me
| #endif
| 
| int
| main ()
| {
| return getisax ();
|   ;
|   return 0;
| }
configure:20283: result: no
configure:20296: checking whether byte ordering is bigendian
configure:20321: gcc -c -g -O2  conftest.c >&5
conftest.c:21:13: error: expected '=', ',', ';', 'asm' or '__attribute__' before 'a'
configure:20328: $? = 1
configure: failed program was:
| /* confdefs.h.  */
| #define PACKAGE_NAME "pixman"
| #define PACKAGE_TARNAME "pixman"
| #define PACKAGE_VERSION "0.22.2"
| #define PACKAGE_STRING "pixman 0.22.2"
| #define PACKAGE_BUGREPORT "pixman@lists.freedesktop.org"
| #define PACKAGE "pixman"
| #define VERSION "0.22.2"
| #define STDC_HEADERS 1
| #define HAVE_SYS_TYPES_H 1
| #define HAVE_SYS_STAT_H 1
| #define HAVE_STDLIB_H 1
| #define HAVE_STRING_H 1
| #define HAVE_MEMORY_H 1
| #define HAVE_STRINGS_H 1
| #define HAVE_INTTYPES_H 1
| #define HAVE_STDINT_H 1
| #define HAVE_UNISTD_H 1
| /* end confdefs.h.  */
| #ifndef __APPLE_CC__
| 	       not a universal capable compiler
| 	     #endif
| 	     typedef int dummy;
| 
configure:20378: gcc -c -g -O2  conftest.c >&5
configure:20385: $? = 0
configure:20417: gcc -c -g -O2  conftest.c >&5
conftest.c: In function 'main':
conftest.c:27:4: error: 'not' undeclared (first use in this function)
conftest.c:27:4: note: each undeclared identifier is reported only once for each function it appears in
conftest.c:27:8: error: expected ';' before 'big'
configure:20424: $? = 1
configure: failed program was:
| /* confdefs.h.  */
| #define PACKAGE_NAME "pixman"
| #define PACKAGE_TARNAME "pixman"
| #define PACKAGE_VERSION "0.22.2"
| #define PACKAGE_STRING "pixman 0.22.2"
| #define PACKAGE_BUGREPORT "pixman@lists.freedesktop.org"
| #define PACKAGE "pixman"
| #define VERSION "0.22.2"
| #define STDC_HEADERS 1
| #define HAVE_SYS_TYPES_H 1
| #define HAVE_SYS_STAT_H 1
| #define HAVE_STDLIB_H 1
| #define HAVE_STRING_H 1
| #define HAVE_MEMORY_H 1
| #define HAVE_STRINGS_H 1
| #define HAVE_INTTYPES_H 1
| #define HAVE_STDINT_H 1
| #define HAVE_UNISTD_H 1
| /* end confdefs.h.  */
| #include <sys/types.h>
| 		#include <sys/param.h>
| 
| int
| main ()
| {
| #if BYTE_ORDER != BIG_ENDIAN
| 		 not big endian
| 		#endif
| 
|   ;
|   return 0;
| }
configure:20676: result: no
configure:20701: checking for inline
configure:20727: gcc -c -g -O2  conftest.c >&5
configure:20734: $? = 0
configure:20752: result: inline
configure:20777: checking whether the compiler supports -Werror
configure:20795: gcc -o conftest.exe -Werror   conftest.c  >&5
configure:20802: $? = 0
configure:20837: result: yes
configure:20848: checking size of long
configure:21153: gcc -o conftest.exe -g -O2   conftest.c  >&5
configure:21157: $? = 0
configure:21163: ./conftest.exe
configure:21167: $? = 0
configure:21193: result: 4
configure:21205: checking whether __SUNPRO_C is declared
configure:21234: gcc -c -g -O2  conftest.c >&5
conftest.c: In function 'main':
conftest.c:58:10: error: '__SUNPRO_C' undeclared (first use in this function)
conftest.c:58:10: note: each undeclared identifier is reported only once for each function it appears in
configure:21241: $? = 1
configure: failed program was:
| /* confdefs.h.  */
| #define PACKAGE_NAME "pixman"
| #define PACKAGE_TARNAME "pixman"
| #define PACKAGE_VERSION "0.22.2"
| #define PACKAGE_STRING "pixman 0.22.2"
| #define PACKAGE_BUGREPORT "pixman@lists.freedesktop.org"
| #define PACKAGE "pixman"
| #define VERSION "0.22.2"
| #define STDC_HEADERS 1
| #define HAVE_SYS_TYPES_H 1
| #define HAVE_SYS_STAT_H 1
| #define HAVE_STDLIB_H 1
| #define HAVE_STRING_H 1
| #define HAVE_MEMORY_H 1
| #define HAVE_STRINGS_H 1
| #define HAVE_INTTYPES_H 1
| #define HAVE_STDINT_H 1
| #define HAVE_UNISTD_H 1
| #define SIZEOF_LONG 4
| /* end confdefs.h.  */
| #include <stdio.h>
| #ifdef HAVE_SYS_TYPES_H
| # include <sys/types.h>
| #endif
| #ifdef HAVE_SYS_STAT_H
| # include <sys/stat.h>
| #endif
| #ifdef STDC_HEADERS
| # include <stdlib.h>
| # include <stddef.h>
| #else
| # ifdef HAVE_STDLIB_H
| #  include <stdlib.h>
| # endif
| #endif
| #ifdef HAVE_STRING_H
| # if !defined STDC_HEADERS && defined HAVE_MEMORY_H
| #  include <memory.h>
| # endif
| # include <string.h>
| #endif
| #ifdef HAVE_STRINGS_H
| # include <strings.h>
| #endif
| #ifdef HAVE_INTTYPES_H
| # include <inttypes.h>
| #endif
| #ifdef HAVE_STDINT_H
| # include <stdint.h>
| #endif
| #ifdef HAVE_UNISTD_H
| # include <unistd.h>
| #endif
| int
| main ()
| {
| #ifndef __SUNPRO_C
|   (void) __SUNPRO_C;
| #endif
| 
|   ;
|   return 0;
| }
configure:21256: result: no
configure:21264: checking whether __amd64 is declared
configure:21293: gcc -c -g -O2  conftest.c >&5
conftest.c: In function 'main':
conftest.c:58:10: error: '__amd64' undeclared (first use in this function)
conftest.c:58:10: note: each undeclared identifier is reported only once for each function it appears in
configure:21300: $? = 1
configure: failed program was:
| /* confdefs.h.  */
| #define PACKAGE_NAME "pixman"
| #define PACKAGE_TARNAME "pixman"
| #define PACKAGE_VERSION "0.22.2"
| #define PACKAGE_STRING "pixman 0.22.2"
| #define PACKAGE_BUGREPORT "pixman@lists.freedesktop.org"
| #define PACKAGE "pixman"
| #define VERSION "0.22.2"
| #define STDC_HEADERS 1
| #define HAVE_SYS_TYPES_H 1
| #define HAVE_SYS_STAT_H 1
| #define HAVE_STDLIB_H 1
| #define HAVE_STRING_H 1
| #define HAVE_MEMORY_H 1
| #define HAVE_STRINGS_H 1
| #define HAVE_INTTYPES_H 1
| #define HAVE_STDINT_H 1
| #define HAVE_UNISTD_H 1
| #define SIZEOF_LONG 4
| /* end confdefs.h.  */
| #include <stdio.h>
| #ifdef HAVE_SYS_TYPES_H
| # include <sys/types.h>
| #endif
| #ifdef HAVE_SYS_STAT_H
| # include <sys/stat.h>
| #endif
| #ifdef STDC_HEADERS
| # include <stdlib.h>
| # include <stddef.h>
| #else
| # ifdef HAVE_STDLIB_H
| #  include <stdlib.h>
| # endif
| #endif
| #ifdef HAVE_STRING_H
| # if !defined STDC_HEADERS && defined HAVE_MEMORY_H
| #  include <memory.h>
| # endif
| # include <string.h>
| #endif
| #ifdef HAVE_STRINGS_H
| # include <strings.h>
| #endif
| #ifdef HAVE_INTTYPES_H
| # include <inttypes.h>
| #endif
| #ifdef HAVE_STDINT_H
| # include <stdint.h>
| #endif
| #ifdef HAVE_UNISTD_H
| # include <unistd.h>
| #endif
| int
| main ()
| {
| #ifndef __amd64
|   (void) __amd64;
| #endif
| 
|   ;
|   return 0;
| }
configure:21315: result: no
configure:21357: checking whether the compiler supports -Wall
configure:21377: gcc -o conftest.exe -Werror -Wall   conftest.c  >&5
configure:21384: $? = 0
configure:21422: result: yes
configure:21425: checking whether the compiler supports -fno-strict-aliasing
configure:21445: gcc -o conftest.exe -Werror -fno-strict-aliasing   conftest.c  >&5
configure:21452: $? = 0
configure:21490: result: yes
configure:21496: checking for perl
configure:21514: found /mingw/bin/perl
configure:21527: result: /mingw/bin/perl
configure:21770: checking whether the compiler supports -fvisibility=hidden
configure:21797: gcc -o conftest.exe -Werror -fvisibility=hidden   conftest.c  >&5
conftest.c:3:2: error: #error Have -fvisibility but it is ignored and generates a warning
configure:21804: $? = 1
configure: failed program was:
| #if defined(__GNUC__) && (__GNUC__ >= 4)
| #ifdef _WIN32
| #error Have -fvisibility but it is ignored and generates a warning
| #endif
| #else
| error Need GCC 4.0 for visibility
| #endif
| 
| 		 int main(int c, char **v) { (void)c; (void)v; return 0; }
| 
configure:21842: result: no
configure:21846: checking whether the compiler supports -xldscope=hidden
configure:21870: gcc -o conftest.exe -Werror -xldscope=hidden   conftest.c  >&5
conftest.c: file not recognized: File format not recognized
collect2: ld returned 1 exit status
gcc.exe: language ldscope=hidden not recognized
gcc.exe: language ldscope=hidden not recognized
configure:21877: $? = 1
configure: failed program was:
| #if defined(__SUNPRO_C) && (__SUNPRO_C >= 0x550)
| #else
| error Need Sun Studio 8 for visibility
| #endif
| 
| 		 int main(int c, char **v) { (void)c; (void)v; return 0; }
| 
configure:21915: result: no
configure:21934: checking whether to use MMX intrinsics
configure:21955: gcc -c -mmmx -Winline -g -O2 -Wall -fno-strict-aliasing  conftest.c >&5
configure:21962: $? = 0
configure:22000: result: yes
configure:22030: checking whether to use SSE2 intrinsics
configure:22057: gcc -c -msse2 -Winline -g -O2 -Wall -fno-strict-aliasing  conftest.c >&5
configure:22064: $? = 0
configure:22100: result: yes
configure:22190: checking whether to use VMX/Altivec intrinsics
configure:22212: gcc -c -maltivec -mabi=altivec -g -O2 -Wall -fno-strict-aliasing  conftest.c >&5
cc1.exe: error: unrecognized command line option "-maltivec"
conftest.c:1:0: error: unknown ABI (altivec) for -mabi= switch
configure:22219: $? = 1
configure: failed program was:
| 
| #if defined(__GNUC__) && (__GNUC__ < 3 || (__GNUC__ == 3 && __GNUC_MINOR__ < 4))
| error "Need GCC >= 3.4 for sane altivec support"
| #endif
| #include <altivec.h>
| int main () {
|     vector unsigned int v = vec_splat_u32 (1);
|     v = vec_sub (v, v);
|     return 0;
| }
configure:22257: result: no
configure:22277: checking whether to use ARM SIMD assembler
configure:22300: gcc -c -x assembler-with-cpp -g -O2 -Wall -fno-strict-aliasing  conftest.c >&5
conftest.c:8:2: error: #error EABI is required (to be sure that calling conventions are compatible)
configure:22307: $? = 1
configure: failed program was:
| 
| .text
| .arch armv6
| .object_arch armv4
| .arm
| .altmacro
| #ifndef __ARM_EABI__
| #error EABI is required (to be sure that calling conventions are compatible)
| #endif
| pld [r0]
| uqadd8 r0, r0, r0
configure:22352: result: no
configure:22361: checking whether to use ARM NEON assembler
configure:22386: gcc -c -x assembler-with-cpp -g -O2 -Wall -fno-strict-aliasing  conftest.c >&5
conftest.c:10:2: error: #error EABI is required (to be sure that calling conventions are compatible)
configure:22393: $? = 1
configure: failed program was:
| 
| .text
| .fpu neon
| .arch armv7a
| .object_arch armv4
| .eabi_attribute 10, 0
| .arm
| .altmacro
| #ifndef __ARM_EABI__
| #error EABI is required (to be sure that calling conventions are compatible)
| #endif
| pld [r0]
| vmovn.u16 d0, q0
configure:22438: result: no
configure:22448: checking whether to use GNU-style inline assembler
configure:22464: gcc -c -g -O2 -Wall -fno-strict-aliasing  conftest.c >&5
configure:22471: $? = 0
configure:22506: result: yes
configure:22614: checking for pkg-config
configure:22632: found /mingw/bin/pkg-config
configure:22644: result: /mingw/bin/pkg-config
configure:22669: checking pkg-config is at least version 0.9.0
configure:22672: result: yes
configure:22870: checking for pixman_version_string in -lpixman-1
configure:22905: gcc -o conftest.exe -g -O2 -Wall -fno-strict-aliasing   conftest.c -lpixman-1   >&5
h:/mingw/bin/../lib/gcc/mingw32/4.5.2/../../../../mingw32/bin/ld.exe: cannot find -lpixman-1
collect2: ld returned 1 exit status
configure:22912: $? = 1
configure: failed program was:
| /* confdefs.h.  */
| #define PACKAGE_NAME "pixman"
| #define PACKAGE_TARNAME "pixman"
| #define PACKAGE_VERSION "0.22.2"
| #define PACKAGE_STRING "pixman 0.22.2"
| #define PACKAGE_BUGREPORT "pixman@lists.freedesktop.org"
| #define PACKAGE "pixman"
| #define VERSION "0.22.2"
| #define STDC_HEADERS 1
| #define HAVE_SYS_TYPES_H 1
| #define HAVE_SYS_STAT_H 1
| #define HAVE_STDLIB_H 1
| #define HAVE_STRING_H 1
| #define HAVE_MEMORY_H 1
| #define HAVE_STRINGS_H 1
| #define HAVE_INTTYPES_H 1
| #define HAVE_STDINT_H 1
| #define HAVE_UNISTD_H 1
| #define SIZEOF_LONG 4
| #define USE_MMX 1
| #define USE_SSE2 1
| #define USE_GCC_INLINE_ASM 1
| /* end confdefs.h.  */
| 
| /* Override any GCC internal prototype to avoid an error.
|    Use char because int might match the return type of a GCC
|    builtin and then its argument prototype would still apply.  */
| #ifdef __cplusplus
| extern "C"
| #endif
| char pixman_version_string ();
| int
| main ()
| {
| return pixman_version_string ();
|   ;
|   return 0;
| }
configure:22933: result: no
configure:23028: checking for posix_memalign
configure:23084: gcc -o conftest.exe -g -O2 -Wall -fno-strict-aliasing   conftest.c  >&5
C:\Users\Sola\AppData\Local\Temp\ccaoFr5O.o: In function `main':
H:\Proj\PDF4Ax\pixman/conftest.c:58: undefined reference to `posix_memalign'
collect2: ld returned 1 exit status
configure:23091: $? = 1
configure: failed program was:
| /* confdefs.h.  */
| #define PACKAGE_NAME "pixman"
| #define PACKAGE_TARNAME "pixman"
| #define PACKAGE_VERSION "0.22.2"
| #define PACKAGE_STRING "pixman 0.22.2"
| #define PACKAGE_BUGREPORT "pixman@lists.freedesktop.org"
| #define PACKAGE "pixman"
| #define VERSION "0.22.2"
| #define STDC_HEADERS 1
| #define HAVE_SYS_TYPES_H 1
| #define HAVE_SYS_STAT_H 1
| #define HAVE_STDLIB_H 1
| #define HAVE_STRING_H 1
| #define HAVE_MEMORY_H 1
| #define HAVE_STRINGS_H 1
| #define HAVE_INTTYPES_H 1
| #define HAVE_STDINT_H 1
| #define HAVE_UNISTD_H 1
| #define SIZEOF_LONG 4
| #define USE_MMX 1
| #define USE_SSE2 1
| #define USE_GCC_INLINE_ASM 1
| /* end confdefs.h.  */
| /* Define posix_memalign to an innocuous variant, in case <limits.h> declares posix_memalign.
|    For example, HP-UX 11i <limits.h> declares gettimeofday.  */
| #define posix_memalign innocuous_posix_memalign
| 
| /* System header to define __stub macros and hopefully few prototypes,
|     which can conflict with char posix_memalign (); below.
|     Prefer <limits.h> to <assert.h> if __STDC__ is defined, since
|     <limits.h> exists even on freestanding compilers.  */
| 
| #ifdef __STDC__
| # include <limits.h>
| #else
| # include <assert.h>
| #endif
| 
| #undef posix_memalign
| 
| /* Override any GCC internal prototype to avoid an error.
|    Use char because int might match the return type of a GCC
|    builtin and then its argument prototype would still apply.  */
| #ifdef __cplusplus
| extern "C"
| #endif
| char posix_memalign ();
| /* The GNU C library defines this for functions which it implements
|     to always fail with ENOSYS.  Some functions are actually named
|     something starting with __ and the normal name is an alias.  */
| #if defined __stub_posix_memalign || defined __stub___posix_memalign
| choke me
| #endif
| 
| int
| main ()
| {
| return posix_memalign ();
|   ;
|   return 0;
| }
configure:23111: result: no
configure:23127: checking for sigaction
configure:23183: gcc -o conftest.exe -g -O2 -Wall -fno-strict-aliasing   conftest.c  >&5
C:\Users\Sola\AppData\Local\Temp\ccW84d5F.o: In function `main':
H:\Proj\PDF4Ax\pixman/conftest.c:58: undefined reference to `sigaction'
collect2: ld returned 1 exit status
configure:23190: $? = 1
configure: failed program was:
| /* confdefs.h.  */
| #define PACKAGE_NAME "pixman"
| #define PACKAGE_TARNAME "pixman"
| #define PACKAGE_VERSION "0.22.2"
| #define PACKAGE_STRING "pixman 0.22.2"
| #define PACKAGE_BUGREPORT "pixman@lists.freedesktop.org"
| #define PACKAGE "pixman"
| #define VERSION "0.22.2"
| #define STDC_HEADERS 1
| #define HAVE_SYS_TYPES_H 1
| #define HAVE_SYS_STAT_H 1
| #define HAVE_STDLIB_H 1
| #define HAVE_STRING_H 1
| #define HAVE_MEMORY_H 1
| #define HAVE_STRINGS_H 1
| #define HAVE_INTTYPES_H 1
| #define HAVE_STDINT_H 1
| #define HAVE_UNISTD_H 1
| #define SIZEOF_LONG 4
| #define USE_MMX 1
| #define USE_SSE2 1
| #define USE_GCC_INLINE_ASM 1
| /* end confdefs.h.  */
| /* Define sigaction to an innocuous variant, in case <limits.h> declares sigaction.
|    For example, HP-UX 11i <limits.h> declares gettimeofday.  */
| #define sigaction innocuous_sigaction
| 
| /* System header to define __stub macros and hopefully few prototypes,
|     which can conflict with char sigaction (); below.
|     Prefer <limits.h> to <assert.h> if __STDC__ is defined, since
|     <limits.h> exists even on freestanding compilers.  */
| 
| #ifdef __STDC__
| # include <limits.h>
| #else
| # include <assert.h>
| #endif
| 
| #undef sigaction
| 
| /* Override any GCC internal prototype to avoid an error.
|    Use char because int might match the return type of a GCC
|    builtin and then its argument prototype would still apply.  */
| #ifdef __cplusplus
| extern "C"
| #endif
| char sigaction ();
| /* The GNU C library defines this for functions which it implements
|     to always fail with ENOSYS.  Some functions are actually named
|     something starting with __ and the normal name is an alias.  */
| #if defined __stub_sigaction || defined __stub___sigaction
| choke me
| #endif
| 
| int
| main ()
| {
| return sigaction ();
|   ;
|   return 0;
| }
configure:23210: result: no
configure:23226: checking for alarm
configure:23282: gcc -o conftest.exe -g -O2 -Wall -fno-strict-aliasing   conftest.c  >&5
C:\Users\Sola\AppData\Local\Temp\ccFvrBBk.o: In function `main':
H:\Proj\PDF4Ax\pixman/conftest.c:58: undefined reference to `alarm'
collect2: ld returned 1 exit status
configure:23289: $? = 1
configure: failed program was:
| /* confdefs.h.  */
| #define PACKAGE_NAME "pixman"
| #define PACKAGE_TARNAME "pixman"
| #define PACKAGE_VERSION "0.22.2"
| #define PACKAGE_STRING "pixman 0.22.2"
| #define PACKAGE_BUGREPORT "pixman@lists.freedesktop.org"
| #define PACKAGE "pixman"
| #define VERSION "0.22.2"
| #define STDC_HEADERS 1
| #define HAVE_SYS_TYPES_H 1
| #define HAVE_SYS_STAT_H 1
| #define HAVE_STDLIB_H 1
| #define HAVE_STRING_H 1
| #define HAVE_MEMORY_H 1
| #define HAVE_STRINGS_H 1
| #define HAVE_INTTYPES_H 1
| #define HAVE_STDINT_H 1
| #define HAVE_UNISTD_H 1
| #define SIZEOF_LONG 4
| #define USE_MMX 1
| #define USE_SSE2 1
| #define USE_GCC_INLINE_ASM 1
| /* end confdefs.h.  */
| /* Define alarm to an innocuous variant, in case <limits.h> declares alarm.
|    For example, HP-UX 11i <limits.h> declares gettimeofday.  */
| #define alarm innocuous_alarm
| 
| /* System header to define __stub macros and hopefully few prototypes,
|     which can conflict with char alarm (); below.
|     Prefer <limits.h> to <assert.h> if __STDC__ is defined, since
|     <limits.h> exists even on freestanding compilers.  */
| 
| #ifdef __STDC__
| # include <limits.h>
| #else
| # include <assert.h>
| #endif
| 
| #undef alarm
| 
| /* Override any GCC internal prototype to avoid an error.
|    Use char because int might match the return type of a GCC
|    builtin and then its argument prototype would still apply.  */
| #ifdef __cplusplus
| extern "C"
| #endif
| char alarm ();
| /* The GNU C library defines this for functions which it implements
|     to always fail with ENOSYS.  Some functions are actually named
|     something starting with __ and the normal name is an alias.  */
| #if defined __stub_alarm || defined __stub___alarm
| choke me
| #endif
| 
| int
| main ()
| {
| return alarm ();
|   ;
|   return 0;
| }
configure:23309: result: no
configure:23335: checking sys/mman.h usability
configure:23352: gcc -c -g -O2 -Wall -fno-strict-aliasing  conftest.c >&5
conftest.c:57:22: fatal error: sys/mman.h: No such file or directory
compilation terminated.
configure:23359: $? = 1
configure: failed program was:
| /* confdefs.h.  */
| #define PACKAGE_NAME "pixman"
| #define PACKAGE_TARNAME "pixman"
| #define PACKAGE_VERSION "0.22.2"
| #define PACKAGE_STRING "pixman 0.22.2"
| #define PACKAGE_BUGREPORT "pixman@lists.freedesktop.org"
| #define PACKAGE "pixman"
| #define VERSION "0.22.2"
| #define STDC_HEADERS 1
| #define HAVE_SYS_TYPES_H 1
| #define HAVE_SYS_STAT_H 1
| #define HAVE_STDLIB_H 1
| #define HAVE_STRING_H 1
| #define HAVE_MEMORY_H 1
| #define HAVE_STRINGS_H 1
| #define HAVE_INTTYPES_H 1
| #define HAVE_STDINT_H 1
| #define HAVE_UNISTD_H 1
| #define SIZEOF_LONG 4
| #define USE_MMX 1
| #define USE_SSE2 1
| #define USE_GCC_INLINE_ASM 1
| /* end confdefs.h.  */
| #include <stdio.h>
| #ifdef HAVE_SYS_TYPES_H
| # include <sys/types.h>
| #endif
| #ifdef HAVE_SYS_STAT_H
| # include <sys/stat.h>
| #endif
| #ifdef STDC_HEADERS
| # include <stdlib.h>
| # include <stddef.h>
| #else
| # ifdef HAVE_STDLIB_H
| #  include <stdlib.h>
| # endif
| #endif
| #ifdef HAVE_STRING_H
| # if !defined STDC_HEADERS && defined HAVE_MEMORY_H
| #  include <memory.h>
| # endif
| # include <string.h>
| #endif
| #ifdef HAVE_STRINGS_H
| # include <strings.h>
| #endif
| #ifdef HAVE_INTTYPES_H
| # include <inttypes.h>
| #endif
| #ifdef HAVE_STDINT_H
| # include <stdint.h>
| #endif
| #ifdef HAVE_UNISTD_H
| # include <unistd.h>
| #endif
| #include <sys/mman.h>
configure:23373: result: no
configure:23377: checking sys/mman.h presence
configure:23392: gcc -E  conftest.c
conftest.c:24:22: fatal error: sys/mman.h: No such file or directory
compilation terminated.
configure:23399: $? = 1
configure: failed program was:
| /* confdefs.h.  */
| #define PACKAGE_NAME "pixman"
| #define PACKAGE_TARNAME "pixman"
| #define PACKAGE_VERSION "0.22.2"
| #define PACKAGE_STRING "pixman 0.22.2"
| #define PACKAGE_BUGREPORT "pixman@lists.freedesktop.org"
| #define PACKAGE "pixman"
| #define VERSION "0.22.2"
| #define STDC_HEADERS 1
| #define HAVE_SYS_TYPES_H 1
| #define HAVE_SYS_STAT_H 1
| #define HAVE_STDLIB_H 1
| #define HAVE_STRING_H 1
| #define HAVE_MEMORY_H 1
| #define HAVE_STRINGS_H 1
| #define HAVE_INTTYPES_H 1
| #define HAVE_STDINT_H 1
| #define HAVE_UNISTD_H 1
| #define SIZEOF_LONG 4
| #define USE_MMX 1
| #define USE_SSE2 1
| #define USE_GCC_INLINE_ASM 1
| /* end confdefs.h.  */
| #include <sys/mman.h>
configure:23413: result: no
configure:23446: checking for sys/mman.h
configure:23453: result: no
configure:23467: checking for mmap
configure:23523: gcc -o conftest.exe -g -O2 -Wall -fno-strict-aliasing   conftest.c  >&5
C:\Users\Sola\AppData\Local\Temp\ccCbSUmb.o: In function `main':
H:\Proj\PDF4Ax\pixman/conftest.c:58: undefined reference to `mmap'
collect2: ld returned 1 exit status
configure:23530: $? = 1
configure: failed program was:
| /* confdefs.h.  */
| #define PACKAGE_NAME "pixman"
| #define PACKAGE_TARNAME "pixman"
| #define PACKAGE_VERSION "0.22.2"
| #define PACKAGE_STRING "pixman 0.22.2"
| #define PACKAGE_BUGREPORT "pixman@lists.freedesktop.org"
| #define PACKAGE "pixman"
| #define VERSION "0.22.2"
| #define STDC_HEADERS 1
| #define HAVE_SYS_TYPES_H 1
| #define HAVE_SYS_STAT_H 1
| #define HAVE_STDLIB_H 1
| #define HAVE_STRING_H 1
| #define HAVE_MEMORY_H 1
| #define HAVE_STRINGS_H 1
| #define HAVE_INTTYPES_H 1
| #define HAVE_STDINT_H 1
| #define HAVE_UNISTD_H 1
| #define SIZEOF_LONG 4
| #define USE_MMX 1
| #define USE_SSE2 1
| #define USE_GCC_INLINE_ASM 1
| /* end confdefs.h.  */
| /* Define mmap to an innocuous variant, in case <limits.h> declares mmap.
|    For example, HP-UX 11i <limits.h> declares gettimeofday.  */
| #define mmap innocuous_mmap
| 
| /* System header to define __stub macros and hopefully few prototypes,
|     which can conflict with char mmap (); below.
|     Prefer <limits.h> to <assert.h> if __STDC__ is defined, since
|     <limits.h> exists even on freestanding compilers.  */
| 
| #ifdef __STDC__
| # include <limits.h>
| #else
| # include <assert.h>
| #endif
| 
| #undef mmap
| 
| /* Override any GCC internal prototype to avoid an error.
|    Use char because int might match the return type of a GCC
|    builtin and then its argument prototype would still apply.  */
| #ifdef __cplusplus
| extern "C"
| #endif
| char mmap ();
| /* The GNU C library defines this for functions which it implements
|     to always fail with ENOSYS.  Some functions are actually named
|     something starting with __ and the normal name is an alias.  */
| #if defined __stub_mmap || defined __stub___mmap
| choke me
| #endif
| 
| int
| main ()
| {
| return mmap ();
|   ;
|   return 0;
| }
configure:23550: result: no
configure:23566: checking for mprotect
configure:23622: gcc -o conftest.exe -g -O2 -Wall -fno-strict-aliasing   conftest.c  >&5
configure:23629: $? = 0
configure:23649: result: yes
configure:23665: checking for getpagesize
configure:23721: gcc -o conftest.exe -g -O2 -Wall -fno-strict-aliasing   conftest.c  >&5
configure:23728: $? = 0
configure:23748: result: yes
configure:23774: checking fenv.h usability
configure:23791: gcc -c -g -O2 -Wall -fno-strict-aliasing  conftest.c >&5
configure:23798: $? = 0
configure:23812: result: yes
configure:23816: checking fenv.h presence
configure:23831: gcc -E  conftest.c
configure:23838: $? = 0
configure:23852: result: yes
configure:23885: checking for fenv.h
configure:23892: result: yes
configure:23906: checking for feenableexcept in -lm
configure:23941: gcc -o conftest.exe -g -O2 -Wall -fno-strict-aliasing   conftest.c -lm   >&5
C:\Users\Sola\AppData\Local\Temp\ccGVX74y.o: In function `main':
H:\Proj\PDF4Ax\pixman/conftest.c:38: undefined reference to `feenableexcept'
collect2: ld returned 1 exit status
configure:23948: $? = 1
configure: failed program was:
| /* confdefs.h.  */
| #define PACKAGE_NAME "pixman"
| #define PACKAGE_TARNAME "pixman"
| #define PACKAGE_VERSION "0.22.2"
| #define PACKAGE_STRING "pixman 0.22.2"
| #define PACKAGE_BUGREPORT "pixman@lists.freedesktop.org"
| #define PACKAGE "pixman"
| #define VERSION "0.22.2"
| #define STDC_HEADERS 1
| #define HAVE_SYS_TYPES_H 1
| #define HAVE_SYS_STAT_H 1
| #define HAVE_STDLIB_H 1
| #define HAVE_STRING_H 1
| #define HAVE_MEMORY_H 1
| #define HAVE_STRINGS_H 1
| #define HAVE_INTTYPES_H 1
| #define HAVE_STDINT_H 1
| #define HAVE_UNISTD_H 1
| #define SIZEOF_LONG 4
| #define USE_MMX 1
| #define USE_SSE2 1
| #define USE_GCC_INLINE_ASM 1
| #define HAVE_MPROTECT 1
| #define HAVE_GETPAGESIZE 1
| #define HAVE_FENV_H 1
| /* end confdefs.h.  */
| 
| /* Override any GCC internal prototype to avoid an error.
|    Use char because int might match the return type of a GCC
|    builtin and then its argument prototype would still apply.  */
| #ifdef __cplusplus
| extern "C"
| #endif
| char feenableexcept ();
| int
| main ()
| {
| return feenableexcept ();
|   ;
|   return 0;
| }
configure:23969: result: no
configure:23985: checking for gettimeofday
configure:24041: gcc -o conftest.exe -g -O2 -Wall -fno-strict-aliasing   conftest.c  >&5
configure:24048: $? = 0
configure:24068: result: yes
configure:24086: checking sys/time.h usability
configure:24103: gcc -c -g -O2 -Wall -fno-strict-aliasing  conftest.c >&5
configure:24110: $? = 0
configure:24124: result: yes
configure:24128: checking sys/time.h presence
configure:24143: gcc -E  conftest.c
configure:24150: $? = 0
configure:24164: result: yes
configure:24197: checking for sys/time.h
configure:24204: result: yes
configure:24226: checking for __thread
configure:24246: gcc -o conftest.exe -g -O2 -Wall -fno-strict-aliasing   conftest.c  >&5
configure:24253: $? = 0
configure:24281: result: yes
configure:24605: checking for __attribute__((constructor))
configure:24627: gcc -o conftest.exe -g -O2 -Wall -fno-strict-aliasing   conftest.c  >&5
configure:24634: $? = 0
configure:24662: result: yes
configure:24856: creating ./config.status

## ---------------------- ##
## Running config.status. ##
## ---------------------- ##

This file was extended by pixman config.status 0.22.2, which was
generated by GNU Autoconf 2.63.  Invocation command line was

  CONFIG_FILES    = 
  CONFIG_HEADERS  = 
  CONFIG_LINKS    = 
  CONFIG_COMMANDS = 
  $ ./config.status 

on p45

config.status:857: creating pixman-1.pc
config.status:857: creating pixman-1-uninstalled.pc
config.status:857: creating Makefile
config.status:857: creating pixman/Makefile
config.status:857: creating pixman/pixman-version.h
config.status:857: creating demos/Makefile
config.status:857: creating test/Makefile
config.status:857: creating config.h
config.status:1131: executing depfiles commands

## ---------------- ##
## Cache variables. ##
## ---------------- ##

ac_cv_build=i686-pc-mingw32
ac_cv_c_bigendian=no
ac_cv_c_compiler_gnu=yes
ac_cv_c_inline=inline
ac_cv_cxx_compiler_gnu=yes
ac_cv_env_CCASFLAGS_set=
ac_cv_env_CCASFLAGS_value=
ac_cv_env_CCAS_set=
ac_cv_env_CCAS_value=
ac_cv_env_CCC_set=
ac_cv_env_CCC_value=
ac_cv_env_CC_set=
ac_cv_env_CC_value=
ac_cv_env_CFLAGS_set=
ac_cv_env_CFLAGS_value=
ac_cv_env_CPPFLAGS_set=
ac_cv_env_CPPFLAGS_value=
ac_cv_env_CPP_set=
ac_cv_env_CPP_value=
ac_cv_env_CXXCPP_set=
ac_cv_env_CXXCPP_value=
ac_cv_env_CXXFLAGS_set=
ac_cv_env_CXXFLAGS_value=
ac_cv_env_CXX_set=
ac_cv_env_CXX_value=
ac_cv_env_F77_set=
ac_cv_env_F77_value=
ac_cv_env_FFLAGS_set=
ac_cv_env_FFLAGS_value=
ac_cv_env_GTK_CFLAGS_set=
ac_cv_env_GTK_CFLAGS_value=
ac_cv_env_GTK_LIBS_set=
ac_cv_env_GTK_LIBS_value=
ac_cv_env_LDFLAGS_set=
ac_cv_env_LDFLAGS_value=
ac_cv_env_LIBS_set=
ac_cv_env_LIBS_value=
ac_cv_env_PKG_CONFIG_set=
ac_cv_env_PKG_CONFIG_value=
ac_cv_env_build_alias_set=
ac_cv_env_build_alias_value=
ac_cv_env_host_alias_set=
ac_cv_env_host_alias_value=
ac_cv_env_target_alias_set=
ac_cv_env_target_alias_value=
ac_cv_exeext=.exe
ac_cv_f77_compiler_gnu=no
ac_cv_func_alarm=no
ac_cv_func_getisax=no
ac_cv_func_getpagesize=yes
ac_cv_func_gettimeofday=yes
ac_cv_func_mmap=no
ac_cv_func_mprotect=yes
ac_cv_func_posix_memalign=no
ac_cv_func_sigaction=no
ac_cv_have_decl___SUNPRO_C=no
ac_cv_have_decl___amd64=no
ac_cv_header_dlfcn_h=no
ac_cv_header_fenv_h=yes
ac_cv_header_inttypes_h=yes
ac_cv_header_memory_h=yes
ac_cv_header_stdc=yes
ac_cv_header_stdint_h=yes
ac_cv_header_stdlib_h=yes
ac_cv_header_string_h=yes
ac_cv_header_strings_h=yes
ac_cv_header_sys_mman_h=no
ac_cv_header_sys_stat_h=yes
ac_cv_header_sys_time_h=yes
ac_cv_header_sys_types_h=yes
ac_cv_header_unistd_h=yes
ac_cv_host=i686-pc-mingw32
ac_cv_lib_m_feenableexcept=no
ac_cv_lib_pixman_1_pixman_version_string=no
ac_cv_objext=o
ac_cv_path_EGREP='/bin/grep -E'
ac_cv_path_GREP=/bin/grep
ac_cv_path_PERL=/mingw/bin/perl
ac_cv_path_ac_pt_PKG_CONFIG=/mingw/bin/pkg-config
ac_cv_path_install='/bin/install -c'
ac_cv_path_mkdir=/bin/mkdir
ac_cv_prog_AWK=gawk
ac_cv_prog_CPP='gcc -E'
ac_cv_prog_CXXCPP='g++ -E'
ac_cv_prog_ac_ct_AR=ar
ac_cv_prog_ac_ct_CC=gcc
ac_cv_prog_ac_ct_CXX=g++
ac_cv_prog_ac_ct_RANLIB=ranlib
ac_cv_prog_ac_ct_STRIP=strip
ac_cv_prog_cc_c89=
ac_cv_prog_cc_g=yes
ac_cv_prog_cxx_g=yes
ac_cv_prog_f77_g=no
ac_cv_prog_make_make_set=yes
ac_cv_sizeof_long=4
am_cv_CCAS_dependencies_compiler_type=gcc3
am_cv_CC_dependencies_compiler_type=gcc3
am_cv_CXX_dependencies_compiler_type=gcc3
lt_cv_deplibs_check_method='file_magic ^x86 archive import|^x86 DLL'
lt_cv_file_magic_cmd=func_win32_libid
lt_cv_file_magic_test_file=
lt_cv_ld_reload_flag=-r
lt_cv_objdir=.libs
lt_cv_path_LD=h:/mingw/mingw32/bin/ld.exe
lt_cv_path_LDCXX=h:/mingw/mingw32/bin/ld.exe
lt_cv_path_NM=/mingw/bin/nm
lt_cv_path_SED=/bin/sed
lt_cv_prog_compiler_c_o=yes
lt_cv_prog_compiler_c_o_CXX=yes
lt_cv_prog_compiler_pic_works=yes
lt_cv_prog_compiler_pic_works_CXX=yes
lt_cv_prog_compiler_rtti_exceptions=no
lt_cv_prog_compiler_static_works=yes
lt_cv_prog_compiler_static_works_CXX=yes
lt_cv_prog_gnu_ld=yes
lt_cv_prog_gnu_ldcxx=yes
lt_cv_sys_global_symbol_pipe='sed -n -e '\''s/^.*[ 	]\([ABCDGIRSTW][ABCDGIRSTW]*\)[ 	][ 	]*_\([_A-Za-z][_A-Za-z0-9]*\)\{0,1\}$/\1 _\2 \2/p'\'''
lt_cv_sys_global_symbol_to_c_name_address='sed -n -e '\''s/^: \([^ ]*\) $/  {\"\1\", (lt_ptr) 0},/p'\'' -e '\''s/^[BCDEGRST] \([^ ]*\) \([^ ]*\)$/  {"\2", (lt_ptr) \&\2},/p'\'''
lt_cv_sys_global_symbol_to_cdecl='sed -n -e '\''s/^. .* \(.*\)$/extern int \1;/p'\'''
lt_cv_sys_lib_dlsearch_path_spec='/lib /usr/lib'
lt_cv_sys_lib_search_path_spec=' =h:/mingw/bin/../lib/gcc/mingw32/4.5.2/ h:/mingw/bin/../lib/gcc/ h:/mingw/bin/../lib/gcc/mingw32/4.5.2/../../../../mingw32/lib/mingw32/4.5.2/ h:/mingw/bin/../lib/gcc/mingw32/4.5.2/../../../../mingw32/lib/ h:/mingw/bin/../lib/gcc/mingw32/4.5.2/../../../mingw32/4.5.2/ h:/mingw/bin/../lib/gcc/mingw32/4.5.2/../../../ /mingw/lib/mingw32/4.5.2/ /mingw/lib/'
lt_cv_sys_max_cmd_len=8192
lt_lt_cv_prog_compiler_c_o='"yes"'
lt_lt_cv_prog_compiler_c_o_CXX='"yes"'
lt_lt_cv_sys_global_symbol_pipe='"sed -n -e '\''s/^.*[ 	]\\([ABCDGIRSTW][ABCDGIRSTW]*\\)[ 	][ 	]*_\\([_A-Za-z][_A-Za-z0-9]*\\)\\{0,1\\}\$/\\1 _\\2 \\2/p'\''"'
lt_lt_cv_sys_global_symbol_to_c_name_address='"sed -n -e '\''s/^: \\([^ ]*\\) \$/  {\\\"\\1\\\", (lt_ptr) 0},/p'\'' -e '\''s/^[BCDEGRST] \\([^ ]*\\) \\([^ ]*\\)\$/  {\"\\2\", (lt_ptr) \\&\\2},/p'\''"'
lt_lt_cv_sys_global_symbol_to_cdecl='"sed -n -e '\''s/^. .* \\(.*\\)\$/extern int \\1;/p'\''"'

## ----------------- ##
## Output variables. ##
## ----------------- ##

ACLOCAL='${SHELL} /proj/PDF4Ax/pixman/missing --run aclocal-1.11'
AMDEPBACKSLASH='\'
AMDEP_FALSE='#'
AMDEP_TRUE=''
AMTAR='${SHELL} /proj/PDF4Ax/pixman/missing --run tar'
AM_BACKSLASH='\'
AM_DEFAULT_VERBOSITY='0'
AR='ar'
AUTOCONF='${SHELL} /proj/PDF4Ax/pixman/missing --run autoconf'
AUTOHEADER='${SHELL} /proj/PDF4Ax/pixman/missing --run autoheader'
AUTOMAKE='${SHELL} /proj/PDF4Ax/pixman/missing --run automake-1.11'
AWK='gawk'
CC='gcc'
CCAS='gcc'
CCASDEPMODE='depmode=gcc3'
CCASFLAGS='-g -O2'
CCDEPMODE='depmode=gcc3'
CFLAGS='-g -O2 -Wall -fno-strict-aliasing'
CPP='gcc -E'
CPPFLAGS=''
CXX='g++'
CXXCPP='g++ -E'
CXXDEPMODE='depmode=gcc3'
CXXFLAGS='-g -O2'
CYGPATH_W='echo'
DEFS='-DHAVE_CONFIG_H'
DEPDIR='.deps'
DEP_CFLAGS=''
DEP_LIBS=''
DSYMUTIL=''
ECHO='echo'
ECHO_C=''
ECHO_N='-n'
ECHO_T=''
EGREP='/bin/grep -E'
EXEEXT='.exe'
F77=''
FFLAGS=''
GREP='/bin/grep'
GTK_CFLAGS=''
GTK_LIBS=''
HAVE_GTK_FALSE=''
HAVE_GTK_TRUE='#'
HAVE_PTHREAD_SETSPECIFIC=''
INSTALL_DATA='${INSTALL} -m 644'
INSTALL_PROGRAM='${INSTALL}'
INSTALL_SCRIPT='${INSTALL}'
INSTALL_STRIP_PROGRAM='$(install_sh) -c -s'
LDFLAGS=''
LIBOBJS=''
LIBS=''
LIBTOOL='$(SHELL) $(top_builddir)/libtool'
LN_S='ln -s'
LTLIBOBJS=''
LT_VERSION_INFO='22:2:22'
MAKEINFO='${SHELL} /proj/PDF4Ax/pixman/missing --run makeinfo'
MKDIR_P='/bin/mkdir -p'
MMX_CFLAGS='-mmmx -Winline'
MMX_LDFLAGS=''
NMEDIT=''
OBJEXT='o'
OPENMP_CFLAGS=''
PACKAGE='pixman'
PACKAGE_BUGREPORT='pixman@lists.freedesktop.org'
PACKAGE_NAME='pixman'
PACKAGE_STRING='pixman 0.22.2'
PACKAGE_TARNAME='pixman'
PACKAGE_VERSION='0.22.2'
PATH_SEPARATOR=':'
PERL='/mingw/bin/perl'
PIXMAN_TIMERS=''
PIXMAN_VERSION_MAJOR='0'
PIXMAN_VERSION_MICRO='2'
PIXMAN_VERSION_MINOR='22'
PKG_CONFIG='/mingw/bin/pkg-config'
PTHREAD_LDFLAGS=''
PTHREAD_LIBS=''
RANLIB='ranlib'
SED='/bin/sed'
SET_MAKE=''
SHELL='/bin/sh'
SSE2_CFLAGS='-msse2 -Winline'
SSE2_LDFLAGS=''
STRIP='strip'
TESTPROGS_EXTRA_LDFLAGS=''
TOOLCHAIN_SUPPORTS_ATTRIBUTE_CONSTRUCTOR=''
TOOLCHAIN_SUPPORTS__THREAD=''
USE_ARM_NEON_FALSE=''
USE_ARM_NEON_TRUE='#'
USE_ARM_SIMD_FALSE=''
USE_ARM_SIMD_TRUE='#'
USE_GCC_INLINE_ASM_FALSE='#'
USE_GCC_INLINE_ASM_TRUE=''
USE_MMX_FALSE='#'
USE_MMX_TRUE=''
USE_SSE2_FALSE='#'
USE_SSE2_TRUE=''
USE_VMX_FALSE=''
USE_VMX_TRUE='#'
VERSION='0.22.2'
VMX_CFLAGS=''
ac_ct_CC='gcc'
ac_ct_CXX='g++'
ac_ct_F77=''
am__EXEEXT_FALSE='#'
am__EXEEXT_TRUE=''
am__fastdepCCAS_FALSE='#'
am__fastdepCCAS_TRUE=''
am__fastdepCC_FALSE='#'
am__fastdepCC_TRUE=''
am__fastdepCXX_FALSE='#'
am__fastdepCXX_TRUE=''
am__include='include'
am__isrc=''
am__leading_dot='.'
am__quote=''
am__tar='${AMTAR} chof - "$$tardir"'
am__untar='${AMTAR} xf -'
bindir='${exec_prefix}/bin'
build='i686-pc-mingw32'
build_alias=''
build_cpu='i686'
build_os='mingw32'
build_vendor='pc'
datadir='${datarootdir}'
datarootdir='${prefix}/share'
docdir='${datarootdir}/doc/${PACKAGE_TARNAME}'
dvidir='${docdir}'
exec_prefix='${prefix}'
host='i686-pc-mingw32'
host_alias=''
host_cpu='i686'
host_os='mingw32'
host_vendor='pc'
htmldir='${docdir}'
includedir='${prefix}/include'
infodir='${datarootdir}/info'
install_sh='${SHELL} /proj/PDF4Ax/pixman/install-sh'
libdir='${exec_prefix}/lib'
libexecdir='${exec_prefix}/libexec'
localedir='${datarootdir}/locale'
localstatedir='${prefix}/var'
mandir='${datarootdir}/man'
mkdir_p='/bin/mkdir -p'
oldincludedir='/usr/include'
pdfdir='${docdir}'
prefix='/proj/PDF4Ax/pixman/dist'
program_transform_name='s,x,x,'
psdir='${docdir}'
sbindir='${exec_prefix}/sbin'
sharedstatedir='${prefix}/com'
sysconfdir='${prefix}/etc'
target_alias=''

## ----------- ##
## confdefs.h. ##
## ----------- ##

#define PACKAGE_NAME "pixman"
#define PACKAGE_TARNAME "pixman"
#define PACKAGE_VERSION "0.22.2"
#define PACKAGE_STRING "pixman 0.22.2"
#define PACKAGE_BUGREPORT "pixman@lists.freedesktop.org"
#define PACKAGE "pixman"
#define VERSION "0.22.2"
#define STDC_HEADERS 1
#define HAVE_SYS_TYPES_H 1
#define HAVE_SYS_STAT_H 1
#define HAVE_STDLIB_H 1
#define HAVE_STRING_H 1
#define HAVE_MEMORY_H 1
#define HAVE_STRINGS_H 1
#define HAVE_INTTYPES_H 1
#define HAVE_STDINT_H 1
#define HAVE_UNISTD_H 1
#define SIZEOF_LONG 4
#define USE_MMX 1
#define USE_SSE2 1
#define USE_GCC_INLINE_ASM 1
#define HAVE_MPROTECT 1
#define HAVE_GETPAGESIZE 1
#define HAVE_FENV_H 1
#define HAVE_GETTIMEOFDAY 1
#define TOOLCHAIN_SUPPORTS__THREAD /**/
#define TOOLCHAIN_SUPPORTS_ATTRIBUTE_CONSTRUCTOR /**/

configure: exit 0
